<?xml version="1.0" encoding="UTF-8"?>
<!-- Generated by org.testng.reporters.JUnitXMLReporter -->
<testsuite ignored="0" hostname="SDNN" failures="1" tests="1" name="LoginTests" time="4.253" errors="0" timestamp="2025-03-26T19:20:43 GMT">
  <testcase classname="tests.LoginTest" name="testValidLogin" time="0.954">
    <failure type="java.lang.AssertionError" message="expected [ Just a moment...] but found [Just a moment...]">
      <![CDATA[java.lang.AssertionError: expected [ Just a moment...] but found [Just a moment...]
at tests.LoginTest.testValidLogin(LoginTest.java:21)
at java.base/java.util.ArrayList.forEach(ArrayList.java:1596)
... Removed 31 stack frames]]>
    </failure>
  </testcase> <!-- testValidLogin -->
</testsuite> <!-- LoginTests -->
